#
# There is insufficient memory for the Java Runtime Environment to continue.
# Native memory allocation (malloc) failed to allocate 1142080 bytes for Chunk::new
# Possible reasons:
#   The system is out of physical RAM or swap space
#   In 32 bit mode, the process size limit was hit
# Possible solutions:
#   Reduce memory load on the system
#   Increase physical memory or swap space
#   Check if swap backing store is full
#   Use 64 bit Java on a 64 bit OS
#   Decrease Java heap size (-Xmx/-Xms)
#   Decrease number of Java threads
#   Decrease Java thread stack sizes (-Xss)
#   Set larger code cache with -XX:ReservedCodeCacheSize=
# This output file may be truncated or incomplete.
#
#  Out of Memory Error (allocation.cpp:390), pid=89144, tid=0x000000000003585c
#
# JRE version: OpenJDK Runtime Environment (8.0_152-b06) (build 1.8.0_152-release-1136-b06)
# Java VM: OpenJDK 64-Bit Server VM (25.152-b06 mixed mode windows-amd64 compressed oops)
# Failed to write core dump. Minidumps are not enabled by default on client versions of Windows
#

---------------  T H R E A D  ---------------

Current thread (0x000000001945b800):  JavaThread "C2 CompilerThread0" daemon [_thread_in_native, id=219228, stack(0x0000000019b20000,0x0000000019c20000)]

Stack: [0x0000000019b20000,0x0000000019c20000]
[error occurred during error reporting (printing stack bounds), id 0xc0000005]

Native frames: (J=compiled Java code, j=interpreted, Vv=VM code, C=native code)


Current CompileTask:
C2:3017126 23044 %     4       com.android.tools.r8.ir.conversion.IRBuilder::joinPredecessorsWithIdenticalPhis @ 16 (394 bytes)


---------------  P R O C E S S  ---------------

Java Threads: ( => current thread )
  0x000000001e9f4800 JavaThread "ForkJoinPool.commonPool-worker-7" daemon [_thread_blocked, id=172932, stack(0x0000000029990000,0x0000000029a90000)]
  0x000000001e9ef000 JavaThread "ForkJoinPool.commonPool-worker-6" daemon [_thread_in_Java, id=198632, stack(0x0000000029620000,0x0000000029720000)]
  0x000000001e9f2000 JavaThread "ForkJoinPool.commonPool-worker-5" daemon [_thread_in_Java, id=325880, stack(0x0000000029520000,0x0000000029620000)]
  0x000000001e9f0800 JavaThread "ForkJoinPool.commonPool-worker-4" daemon [_thread_in_Java, id=43832, stack(0x0000000029420000,0x0000000029520000)]
  0x000000001e9ee000 JavaThread "ForkJoinPool.commonPool-worker-3" daemon [_thread_blocked, id=183308, stack(0x0000000029320000,0x0000000029420000)]
  0x000000001e9f3800 JavaThread "stdout" [_thread_in_native, id=276624, stack(0x0000000027570000,0x0000000027670000)]
  0x000000001e9f3000 JavaThread "stderr" [_thread_in_native, id=200472, stack(0x0000000027370000,0x0000000027470000)]
  0x000000001e9e6800 JavaThread "pool-26-thread-1" [_thread_blocked, id=361852, stack(0x0000000027050000,0x0000000027150000)]
  0x000000001e9e7800 JavaThread "Task worker for ':' Thread 7" [_thread_blocked, id=438180, stack(0x00000000263e0000,0x00000000264e0000)]
  0x000000001e9ea800 JavaThread "Task worker for ':' Thread 6" [_thread_blocked, id=291676, stack(0x00000000262e0000,0x00000000263e0000)]
  0x000000001e9ed800 JavaThread "Task worker for ':' Thread 5" [_thread_blocked, id=370424, stack(0x00000000261e0000,0x00000000262e0000)]
  0x000000001e9e6000 JavaThread "Task worker for ':' Thread 4" [_thread_blocked, id=245532, stack(0x00000000260e0000,0x00000000261e0000)]
  0x000000001e9ec800 JavaThread "Task worker for ':' Thread 3" [_thread_in_native, id=183688, stack(0x0000000025fe0000,0x00000000260e0000)]
  0x000000001e9e9800 JavaThread "Task worker for ':' Thread 2" [_thread_blocked, id=201376, stack(0x0000000025ee0000,0x0000000025fe0000)]
  0x000000001e9ec000 JavaThread "Task worker for ':'" [_thread_blocked, id=25560, stack(0x0000000025de0000,0x0000000025ee0000)]
  0x000000001e9e8000 JavaThread "Cache worker for Build Output Cleanup Cache (C:\Users\Lenovo\Desktop\bishe\source\SkillExchange\.gradle\buildOutputCleanup)" [_thread_blocked, id=301568, stack(0x0000000025ce0000,0x0000000025de0000)]
  0x000000001e9e5000 JavaThread "Cache worker for task history cache (C:\Users\Lenovo\Desktop\bishe\source\SkillExchange\.gradle\4.6\taskHistory)" [_thread_blocked, id=139732, stack(0x0000000024190000,0x0000000024290000)]
  0x000000001e9e9000 JavaThread "Cache worker for file content cache (C:\Users\Lenovo\Desktop\bishe\source\SkillExchange\.gradle\4.6\fileContent)" [_thread_blocked, id=306576, stack(0x0000000023070000,0x0000000023170000)]
  0x00000000207c7800 JavaThread "Build operations Thread 8" [_thread_blocked, id=299216, stack(0x0000000022f70000,0x0000000023070000)]
  0x00000000207c5800 JavaThread "Build operations Thread 7" [_thread_blocked, id=315968, stack(0x0000000022e70000,0x0000000022f70000)]
  0x00000000207c6000 JavaThread "Build operations Thread 6" [_thread_blocked, id=82328, stack(0x0000000022d70000,0x0000000022e70000)]
  0x00000000207c4800 JavaThread "Build operations Thread 5" [_thread_blocked, id=74264, stack(0x0000000022a00000,0x0000000022b00000)]
  0x00000000207ca000 JavaThread "Build operations Thread 4" [_thread_blocked, id=282580, stack(0x0000000021480000,0x0000000021580000)]
  0x00000000207c4000 JavaThread "Build operations Thread 3" [_thread_blocked, id=293068, stack(0x0000000021180000,0x0000000021280000)]
  0x00000000207bc800 JavaThread "Build operations Thread 2" [_thread_blocked, id=82720, stack(0x000000001da70000,0x000000001db70000)]
  0x00000000207c3000 JavaThread "Build operations" [_thread_blocked, id=191788, stack(0x000000001c4a0000,0x000000001c5a0000)]
  0x00000000207bf800 JavaThread "Cache worker for Artifact transforms cache (C:\Users\Lenovo\.gradle\caches\transforms-1)" [_thread_blocked, id=94888, stack(0x000000001c3a0000,0x000000001c4a0000)]
  0x00000000207bb800 JavaThread "Cache worker for file hash cache (C:\Users\Lenovo\Desktop\bishe\source\SkillExchange\.gradle\4.6\fileHashes)" [_thread_blocked, id=289456, stack(0x000000001c2a0000,0x000000001c3a0000)]
  0x00000000207be800 JavaThread "Stdin handler" [_thread_blocked, id=133536, stack(0x000000001c1a0000,0x000000001c2a0000)]
  0x00000000207be000 JavaThread "Asynchronous log dispatcher for DefaultDaemonConnection: socket connection from /127.0.0.1:4647 to /127.0.0.1:9579" [_thread_blocked, id=209432, stack(0x000000001bea0000,0x000000001bfa0000)]
  0x00000000207bd000 JavaThread "Daemon worker Thread 9" [_thread_blocked, id=335396, stack(0x000000001bda0000,0x000000001bea0000)]
  0x00000000207c2800 JavaThread "Cancel handler" [_thread_blocked, id=129508, stack(0x0000000001740000,0x0000000001840000)]
  0x00000000207c0000 JavaThread "Handler for socket connection from /127.0.0.1:4647 to /127.0.0.1:9579" [_thread_in_native, id=333172, stack(0x0000000001640000,0x0000000001740000)]
  0x00000000207c1000 JavaThread "Daemon Thread 9" [_thread_blocked, id=395328, stack(0x0000000001540000,0x0000000001640000)]
  0x000000001f99c800 JavaThread "Memory manager" [_thread_blocked, id=172064, stack(0x0000000023890000,0x0000000023990000)]
  0x000000001f99b800 JavaThread "pool-1-thread-1" [_thread_blocked, id=312640, stack(0x0000000023370000,0x0000000023470000)]
  0x000000001b287800 JavaThread "File lock request listener" [_thread_in_native, id=234256, stack(0x000000001c9a0000,0x000000001caa0000)]
  0x000000001b2a9000 JavaThread "Cache worker for file hash cache (C:\Users\Lenovo\.gradle\caches\4.6\fileHashes)" [_thread_blocked, id=237412, stack(0x000000001c8a0000,0x000000001c9a0000)]
  0x000000001b2e1000 JavaThread "Daemon periodic checks" [_thread_blocked, id=59560, stack(0x000000001bca0000,0x000000001bda0000)]
  0x000000001b2df800 JavaThread "Incoming local TCP Connector on port 4647" [_thread_in_native, id=228544, stack(0x000000001baf0000,0x000000001bbf0000)]
  0x00000000194c7000 JavaThread "Service Thread" daemon [_thread_blocked, id=44252, stack(0x0000000019f20000,0x000000001a020000)]
  0x000000001755d000 JavaThread "C1 CompilerThread3" daemon [_thread_blocked, id=299276, stack(0x0000000019e20000,0x0000000019f20000)]
  0x0000000017559000 JavaThread "C2 CompilerThread2" daemon [_thread_in_native, id=195900, stack(0x0000000019d20000,0x0000000019e20000)]
  0x000000001945f000 JavaThread "C2 CompilerThread1" daemon [_thread_in_native, id=172560, stack(0x0000000019c20000,0x0000000019d20000)]
=>0x000000001945b800 JavaThread "C2 CompilerThread0" daemon [_thread_in_native, id=219228, stack(0x0000000019b20000,0x0000000019c20000)]
  0x00000000194b8800 JavaThread "Attach Listener" daemon [_thread_blocked, id=105100, stack(0x0000000019a20000,0x0000000019b20000)]
  0x00000000194b7000 JavaThread "Signal Dispatcher" daemon [_thread_blocked, id=207388, stack(0x0000000019920000,0x0000000019a20000)]
  0x0000000019440800 JavaThread "Finalizer" daemon [_thread_blocked, id=275812, stack(0x0000000019820000,0x0000000019920000)]
  0x00000000036a7000 JavaThread "Reference Handler" daemon [_thread_blocked, id=8328, stack(0x0000000019320000,0x0000000019420000)]
  0x000000000378e000 JavaThread "main" [_thread_blocked, id=302516, stack(0x00000000030f0000,0x00000000031f0000)]

Other Threads:
  0x0000000017548000 VMThread [stack: 0x0000000019220000,0x0000000019320000] [id=302452]
  0x00000000194c8000 WatcherThread [stack: 0x000000001a020000,0x000000001a120000] [id=136372]

VM state:not at safepoint (normal execution)

VM Mutex/Monitor currently owned by a thread: None

Heap:
 PSYoungGen      total 471552K, used 206000K [0x00000000e0000000, 0x00000000ffa80000, 0x0000000100000000)
  eden space 429568K, 44% used [0x00000000e0000000,0x00000000eb8dd788,0x00000000fa380000)
  from space 41984K, 39% used [0x00000000fd180000,0x00000000fe1cec30,0x00000000ffa80000)
  to   space 44544K, 0% used [0x00000000fa380000,0x00000000fa380000,0x00000000fcf00000)
 ParOldGen       total 241664K, used 111425K [0x00000000a0000000, 0x00000000aec00000, 0x00000000e0000000)
  object space 241664K, 46% used [0x00000000a0000000,0x00000000a6cd0700,0x00000000aec00000)
 Metaspace       used 89589K, capacity 94240K, committed 94592K, reserved 1132544K
  class space    used 11228K, capacity 12063K, committed 12160K, reserved 1048576K

Card table byte_map: [0x0000000012b50000,0x0000000012e60000] byte_map_base: 0x0000000012650000

Marking Bits: (ParMarkBitMap*) 0x000000005a905aa0
 Begin Bits: [0x0000000013860000, 0x0000000015060000)
 End Bits:   [0x0000000015060000, 0x0000000016860000)

Polling page: 0x00000000031f0000

CodeCache: size=245760Kb used=63551Kb max_used=63551Kb free=182208Kb
 bounds [0x0000000003790000, 0x0000000007610000, 0x0000000012790000]
 total_blobs=19168 nmethods=18283 adapters=796
 compilation: enabled

Compilation events (10 events):
Event: 3017.065 Thread 0x000000001755d000 23201       2       com.google.common.hash.HashCode$BytesHashCode::<init> (16 bytes)
Event: 3017.065 Thread 0x000000001755d000 nmethod 23201 0x0000000004a8bfd0 code [0x0000000004a8c140, 0x0000000004a8c348]
Event: 3017.067 Thread 0x000000001755d000 23202       2       com.android.tools.r8.code.Nop::<init> (5 bytes)
Event: 3017.068 Thread 0x000000001755d000 nmethod 23202 0x0000000005f25810 code [0x0000000005f25960, 0x0000000005f25ab0]
Event: 3017.103 Thread 0x000000001755d000 23204   !   2       com.android.ide.common.process.BaseProcessOutputHandler$BaseProcessOutput::getString (44 bytes)
Event: 3017.104 Thread 0x000000001755d000 nmethod 23204 0x00000000048e2a90 code [0x00000000048e2c40, 0x00000000048e2f98]
Event: 3017.104 Thread 0x000000001755d000 23205       2       com.google.common.io.FileBackedOutputStream$1::openStream (8 bytes)
Event: 3017.104 Thread 0x000000001755d000 nmethod 23205 0x0000000004335290 code [0x0000000004335400, 0x0000000004335568]
Event: 3017.109 Thread 0x000000001755d000 23206 %     3       sun.nio.fs.WindowsPath::hashCode @ 11 (52 bytes)
Event: 3017.109 Thread 0x000000001755d000 nmethod 23206% 0x0000000004334550 code [0x0000000004334720, 0x0000000004334ec8]

GC Heap History (10 events):
Event: 2762.406 GC heap before
{Heap before GC invocations=31 (full 3):
 PSYoungGen      total 365056K, used 356519K [0x00000000e0000000, 0x00000000fd200000, 0x0000000100000000)
  eden space 320000K, 100% used [0x00000000e0000000,0x00000000f3880000,0x00000000f3880000)
  from space 45056K, 81% used [0x00000000f3880000,0x00000000f5c29cd0,0x00000000f6480000)
  to   space 48128K, 0% used [0x00000000fa300000,0x00000000fa300000,0x00000000fd200000)
 ParOldGen       total 241664K, used 79376K [0x00000000a0000000, 0x00000000aec00000, 0x00000000e0000000)
  object space 241664K, 32% used [0x00000000a0000000,0x00000000a4d842c0,0x00000000aec00000)
 Metaspace       used 88950K, capacity 93432K, committed 93696K, reserved 1130496K
  class space    used 11208K, capacity 12011K, committed 12032K, reserved 1048576K
Event: 2762.468 GC heap after
Heap after GC invocations=31 (full 3):
 PSYoungGen      total 429568K, used 13111K [0x00000000e0000000, 0x00000000fd480000, 0x0000000100000000)
  eden space 381440K, 0% used [0x00000000e0000000,0x00000000e0000000,0x00000000f7480000)
  from space 48128K, 27% used [0x00000000fa300000,0x00000000fafcde18,0x00000000fd200000)
  to   space 47616K, 0% used [0x00000000f7480000,0x00000000f7480000,0x00000000fa300000)
 ParOldGen       total 241664K, used 100503K [0x00000000a0000000, 0x00000000aec00000, 0x00000000e0000000)
  object space 241664K, 41% used [0x00000000a0000000,0x00000000a6225cf8,0x00000000aec00000)
 Metaspace       used 88950K, capacity 93432K, committed 93696K, reserved 1130496K
  class space    used 11208K, capacity 12011K, committed 12032K, reserved 1048576K
}
Event: 2764.451 GC heap before
{Heap before GC invocations=32 (full 3):
 PSYoungGen      total 429568K, used 394551K [0x00000000e0000000, 0x00000000fd480000, 0x0000000100000000)
  eden space 381440K, 100% used [0x00000000e0000000,0x00000000f7480000,0x00000000f7480000)
  from space 48128K, 27% used [0x00000000fa300000,0x00000000fafcde18,0x00000000fd200000)
  to   space 47616K, 0% used [0x00000000f7480000,0x00000000f7480000,0x00000000fa300000)
 ParOldGen       total 241664K, used 100503K [0x00000000a0000000, 0x00000000aec00000, 0x00000000e0000000)
  object space 241664K, 41% used [0x00000000a0000000,0x00000000a6225cf8,0x00000000aec00000)
 Metaspace       used 89071K, capacity 93600K, committed 93824K, reserved 1130496K
  class space    used 11215K, capacity 12043K, committed 12160K, reserved 1048576K
Event: 2764.481 GC heap after
Heap after GC invocations=32 (full 3):
 PSYoungGen      total 429056K, used 10117K [0x00000000e0000000, 0x00000000ffe80000, 0x0000000100000000)
  eden space 381440K, 0% used [0x00000000e0000000,0x00000000e0000000,0x00000000f7480000)
  from space 47616K, 21% used [0x00000000f7480000,0x00000000f7e615f0,0x00000000fa300000)
  to   space 47104K, 0% used [0x00000000fd080000,0x00000000fd080000,0x00000000ffe80000)
 ParOldGen       total 241664K, used 105508K [0x00000000a0000000, 0x00000000aec00000, 0x00000000e0000000)
  object space 241664K, 43% used [0x00000000a0000000,0x00000000a67093b0,0x00000000aec00000)
 Metaspace       used 89071K, capacity 93600K, committed 93824K, reserved 1130496K
  class space    used 11215K, capacity 12043K, committed 12160K, reserved 1048576K
}
Event: 2769.995 GC heap before
{Heap before GC invocations=33 (full 3):
 PSYoungGen      total 429056K, used 391544K [0x00000000e0000000, 0x00000000ffe80000, 0x0000000100000000)
  eden space 381440K, 99% used [0x00000000e0000000,0x00000000f747cd38,0x00000000f7480000)
  from space 47616K, 21% used [0x00000000f7480000,0x00000000f7e615f0,0x00000000fa300000)
  to   space 47104K, 0% used [0x00000000fd080000,0x00000000fd080000,0x00000000ffe80000)
 ParOldGen       total 241664K, used 105508K [0x00000000a0000000, 0x00000000aec00000, 0x00000000e0000000)
  object space 241664K, 43% used [0x00000000a0000000,0x00000000a67093b0,0x00000000aec00000)
 Metaspace       used 89110K, capacity 93608K, committed 93824K, reserved 1130496K
  class space    used 11216K, capacity 12045K, committed 12160K, reserved 1048576K
Event: 2770.013 GC heap after
Heap after GC invocations=33 (full 3):
 PSYoungGen      total 475136K, used 3550K [0x00000000e0000000, 0x0000000100000000, 0x0000000100000000)
  eden space 428032K, 0% used [0x00000000e0000000,0x00000000e0000000,0x00000000fa200000)
  from space 47104K, 7% used [0x00000000fd080000,0x00000000fd3f7ae8,0x00000000ffe80000)
  to   space 47616K, 0% used [0x00000000fa200000,0x00000000fa200000,0x00000000fd080000)
 ParOldGen       total 241664K, used 109805K [0x00000000a0000000, 0x00000000aec00000, 0x00000000e0000000)
  object space 241664K, 45% used [0x00000000a0000000,0x00000000a6b3b490,0x00000000aec00000)
 Metaspace       used 89110K, capacity 93608K, committed 93824K, reserved 1130496K
  class space    used 11216K, capacity 12045K, committed 12160K, reserved 1048576K
}
Event: 2877.951 GC heap before
{Heap before GC invocations=34 (full 3):
 PSYoungGen      total 475136K, used 431582K [0x00000000e0000000, 0x0000000100000000, 0x0000000100000000)
  eden space 428032K, 100% used [0x00000000e0000000,0x00000000fa200000,0x00000000fa200000)
  from space 47104K, 7% used [0x00000000fd080000,0x00000000fd3f7ae8,0x00000000ffe80000)
  to   space 47616K, 0% used [0x00000000fa200000,0x00000000fa200000,0x00000000fd080000)
 ParOldGen       total 241664K, used 109805K [0x00000000a0000000, 0x00000000aec00000, 0x00000000e0000000)
  object space 241664K, 45% used [0x00000000a0000000,0x00000000a6b3b490,0x00000000aec00000)
 Metaspace       used 89285K, capacity 93898K, committed 94080K, reserved 1130496K
  class space    used 11226K, capacity 12062K, committed 12160K, reserved 1048576K
Event: 2877.955 GC heap after
Heap after GC invocations=34 (full 3):
 PSYoungGen      total 475648K, used 5409K [0x00000000e0000000, 0x00000000fff80000, 0x0000000100000000)
  eden space 428032K, 0% used [0x00000000e0000000,0x00000000e0000000,0x00000000fa200000)
  from space 47616K, 11% used [0x00000000fa200000,0x00000000fa748610,0x00000000fd080000)
  to   space 47104K, 0% used [0x00000000fd180000,0x00000000fd180000,0x00000000fff80000)
 ParOldGen       total 241664K, used 109909K [0x00000000a0000000, 0x00000000aec00000, 0x00000000e0000000)
  object space 241664K, 45% used [0x00000000a0000000,0x00000000a6b554b0,0x00000000aec00000)
 Metaspace       used 89285K, capacity 93898K, committed 94080K, reserved 1130496K
  class space    used 11226K, capacity 12062K, committed 12160K, reserved 1048576K
}
Event: 3016.873 GC heap before
{Heap before GC invocations=35 (full 3):
 PSYoungGen      total 475648K, used 433441K [0x00000000e0000000, 0x00000000fff80000, 0x0000000100000000)
  eden space 428032K, 100% used [0x00000000e0000000,0x00000000fa200000,0x00000000fa200000)
  from space 47616K, 11% used [0x00000000fa200000,0x00000000fa748610,0x00000000fd080000)
  to   space 47104K, 0% used [0x00000000fd180000,0x00000000fd180000,0x00000000fff80000)
 ParOldGen       total 241664K, used 109909K [0x00000000a0000000, 0x00000000aec00000, 0x00000000e0000000)
  object space 241664K, 45% used [0x00000000a0000000,0x00000000a6b554b0,0x00000000aec00000)
 Metaspace       used 89581K, capacity 94240K, committed 94592K, reserved 1132544K
  class space    used 11228K, capacity 12063K, committed 12160K, reserved 1048576K
Event: 3016.892 GC heap after
Heap after GC invocations=35 (full 3):
 PSYoungGen      total 471552K, used 16699K [0x00000000e0000000, 0x00000000ffa80000, 0x0000000100000000)
  eden space 429568K, 0% used [0x00000000e0000000,0x00000000e0000000,0x00000000fa380000)
  from space 41984K, 39% used [0x00000000fd180000,0x00000000fe1cec30,0x00000000ffa80000)
  to   space 44544K, 0% used [0x00000000fa380000,0x00000000fa380000,0x00000000fcf00000)
 ParOldGen       total 241664K, used 111425K [0x00000000a0000000, 0x00000000aec00000, 0x00000000e0000000)
  object space 241664K, 46% used [0x00000000a0000000,0x00000000a6cd0700,0x00000000aec00000)
 Metaspace       used 89581K, capacity 94240K, committed 94592K, reserved 1132544K
  class space    used 11228K, capacity 12063K, committed 12160K, reserved 1048576K
}

Deoptimization events (10 events):
Event: 2878.126 Thread 0x000000001e9ef800 Uncommon trap: reason=unstable_if action=reinterpret pc=0x0000000004c66b84 method=java.util.concurrent.locks.AbstractQueuedSynchronizer.unparkSuccessor(Ljava/util/concurrent/locks/AbstractQueuedSynchronizer$Node;)V @ 22
Event: 2878.133 Thread 0x000000001e9e6000 Uncommon trap: reason=unstable_if action=reinterpret pc=0x0000000003cd8d4c method=java.util.concurrent.locks.LockSupport.unpark(Ljava/lang/Thread;)V @ 1
Event: 2878.432 Thread 0x000000001e9ef800 Uncommon trap: reason=class_check action=maybe_recompile pc=0x00000000039969b0 method=com.google.common.collect.Iterators$5.hasNext()Z @ 7
Event: 2878.432 Thread 0x000000001e9ef800 Uncommon trap: reason=class_check action=maybe_recompile pc=0x00000000039969b0 method=com.google.common.collect.Iterators$5.hasNext()Z @ 7
Event: 2878.432 Thread 0x000000001e9ef800 Uncommon trap: reason=class_check action=maybe_recompile pc=0x00000000039969b0 method=com.google.common.collect.Iterators$5.hasNext()Z @ 7
Event: 2878.432 Thread 0x000000001e9ef800 Uncommon trap: reason=class_check action=maybe_recompile pc=0x00000000039969b0 method=com.google.common.collect.Iterators$5.hasNext()Z @ 7
Event: 2879.208 Thread 0x000000001cc66000 Uncommon trap: reason=array_check action=maybe_recompile pc=0x00000000051c3e98 method=com.google.common.collect.RegularImmutableMap.fromEntryArray(I[Ljava/util/Map$Entry;)Lcom/google/common/collect/RegularImmutableMap; @ 200
Event: 2879.471 Thread 0x000000001cc66000 Uncommon trap: reason=array_check action=maybe_recompile pc=0x00000000051c3e98 method=com.google.common.collect.RegularImmutableMap.fromEntryArray(I[Ljava/util/Map$Entry;)Lcom/google/common/collect/RegularImmutableMap; @ 200
Event: 3011.014 Thread 0x000000001e9ec000 Uncommon trap: reason=unstable_if action=reinterpret pc=0x000000000401e864 method=java.util.concurrent.ConcurrentHashMap.get(Ljava/lang/Object;)Ljava/lang/Object; @ 86
Event: 3014.809 Thread 0x000000001e9e6000 Uncommon trap: reason=array_check action=maybe_recompile pc=0x0000000006a5d864 method=com.google.common.collect.RegularImmutableMap.fromEntryArray(I[Ljava/util/Map$Entry;)Lcom/google/common/collect/RegularImmutableMap; @ 200

Classes redefined (0 events):
No events

Internal exceptions (10 events):
Event: 3017.026 Thread 0x000000001e9ec800 Exception <a 'sun/nio/fs/WindowsException'> (0x00000000e7563ee0) thrown at [D:\src\AOSP-openjdk-cygwin\jdk8u\hotspot\src\share\vm\prims\jni.cpp, line 709]
Event: 3017.035 Thread 0x000000001e9ec800 Exception <a 'sun/nio/fs/WindowsException'> (0x00000000e7592538) thrown at [D:\src\AOSP-openjdk-cygwin\jdk8u\hotspot\src\share\vm\prims\jni.cpp, line 709]
Event: 3017.044 Thread 0x000000001e9ec800 Exception <a 'sun/nio/fs/WindowsException'> (0x00000000e8171500) thrown at [D:\src\AOSP-openjdk-cygwin\jdk8u\hotspot\src\share\vm\prims\jni.cpp, line 709]
Event: 3017.060 Thread 0x000000001e9ec800 Exception <a 'sun/nio/fs/WindowsException'> (0x00000000e8d94e48) thrown at [D:\src\AOSP-openjdk-cygwin\jdk8u\hotspot\src\share\vm\prims\jni.cpp, line 709]
Event: 3017.069 Thread 0x000000001e9ec800 Exception <a 'sun/nio/fs/WindowsException'> (0x00000000e8dc25b8) thrown at [D:\src\AOSP-openjdk-cygwin\jdk8u\hotspot\src\share\vm\prims\jni.cpp, line 709]
Event: 3017.078 Thread 0x000000001e9ec800 Exception <a 'sun/nio/fs/WindowsException'> (0x00000000e972f6f0) thrown at [D:\src\AOSP-openjdk-cygwin\jdk8u\hotspot\src\share\vm\prims\jni.cpp, line 709]
Event: 3017.086 Thread 0x000000001e9ec800 Exception <a 'sun/nio/fs/WindowsException'> (0x00000000e975c430) thrown at [D:\src\AOSP-openjdk-cygwin\jdk8u\hotspot\src\share\vm\prims\jni.cpp, line 709]
Event: 3017.101 Thread 0x000000001e9ec800 Exception <a 'sun/nio/fs/WindowsException'> (0x00000000e9de86f0) thrown at [D:\src\AOSP-openjdk-cygwin\jdk8u\hotspot\src\share\vm\prims\jni.cpp, line 709]
Event: 3017.110 Thread 0x000000001e9ec800 Exception <a 'sun/nio/fs/WindowsException'> (0x00000000ea9e1a20) thrown at [D:\src\AOSP-openjdk-cygwin\jdk8u\hotspot\src\share\vm\prims\jni.cpp, line 709]
Event: 3017.119 Thread 0x000000001e9ec800 Exception <a 'sun/nio/fs/WindowsException'> (0x00000000eae7b2a8) thrown at [D:\src\AOSP-openjdk-cygwin\jdk8u\hotspot\src\share\vm\prims\jni.cpp, line 709]

Events (10 events):
Event: 3017.104 Thread 0x000000001e9ef000 DEOPT PACKING pc=0x0000000006323ecd sp=0x000000002971e070
Event: 3017.104 Thread 0x000000001e9ef000 DEOPT UNPACKING pc=0x00000000037d75d0 sp=0x000000002971ded0 mode 0
Event: 3017.113 Thread 0x000000001e9ef000 DEOPT PACKING pc=0x0000000005dfb707 sp=0x000000002971dee0
Event: 3017.113 Thread 0x000000001e9ef000 DEOPT UNPACKING pc=0x00000000037d75d0 sp=0x000000002971dcf0 mode 0
Event: 3017.116 Thread 0x000000001e9f2000 DEOPT PACKING pc=0x000000000606ffbc sp=0x000000002961e170
Event: 3017.116 Thread 0x000000001e9f2000 DEOPT UNPACKING pc=0x00000000037d75d0 sp=0x000000002961dec0 mode 0
Event: 3017.119 Thread 0x000000001e9ef000 DEOPT PACKING pc=0x0000000005de83f4 sp=0x000000002971da40
Event: 3017.119 Thread 0x000000001e9ef000 DEOPT UNPACKING pc=0x00000000037d75d0 sp=0x000000002971d7d0 mode 0
Event: 3017.124 Thread 0x000000001e9f0800 DEOPT PACKING pc=0x0000000005ab13ea sp=0x000000002951e2b0
Event: 3017.124 Thread 0x000000001e9f0800 DEOPT UNPACKING pc=0x00000000037d75d0 sp=0x000000002951dff0 mode 0


Dynamic libraries:
0x00007ff6f2fc0000 - 0x00007ff6f2ff1000 	D:\Program_Files\AS\jre\bin\java.exe
0x00007ffaa05e0000 - 0x00007ffaa07d0000 	C:\WINDOWS\SYSTEM32\ntdll.dll
0x00007ffa9f640000 - 0x00007ffa9f6f2000 	C:\WINDOWS\System32\KERNEL32.DLL
0x00007ffa9de20000 - 0x00007ffa9e0c5000 	C:\WINDOWS\System32\KERNELBASE.dll
0x00007ffa9f080000 - 0x00007ffa9f123000 	C:\WINDOWS\System32\ADVAPI32.dll
0x00007ffa9e860000 - 0x00007ffa9e8fe000 	C:\WINDOWS\System32\msvcrt.dll
0x00007ffa9fb10000 - 0x00007ffa9fba7000 	C:\WINDOWS\System32\sechost.dll
0x00007ffaa0050000 - 0x00007ffaa016f000 	C:\WINDOWS\System32\RPCRT4.dll
0x00007ffa9f2d0000 - 0x00007ffa9f464000 	C:\WINDOWS\System32\USER32.dll
0x00007ffa9e460000 - 0x00007ffa9e481000 	C:\WINDOWS\System32\win32u.dll
0x00007ffa9e960000 - 0x00007ffa9e986000 	C:\WINDOWS\System32\GDI32.dll
0x00007ffa9e0d0000 - 0x00007ffa9e268000 	C:\WINDOWS\System32\gdi32full.dll
0x00007ffa9e3c0000 - 0x00007ffa9e45e000 	C:\WINDOWS\System32\msvcp_win.dll
0x00007ffa9e590000 - 0x00007ffa9e68a000 	C:\WINDOWS\System32\ucrtbase.dll
0x00007ffa8afa0000 - 0x00007ffa8b224000 	C:\WINDOWS\WinSxS\amd64_microsoft.windows.common-controls_6595b64144ccf1df_6.0.18362.1316_none_9e7a364fe461dbd7\COMCTL32.dll
0x00007ffa9f700000 - 0x00007ffa9fa37000 	C:\WINDOWS\System32\combase.dll
0x00007ffa9dd90000 - 0x00007ffa9de11000 	C:\WINDOWS\System32\bcryptPrimitives.dll
0x00007ffa9fbb0000 - 0x00007ffa9fbde000 	C:\WINDOWS\System32\IMM32.DLL
0x000000005aac0000 - 0x000000005ab92000 	D:\Program_Files\AS\jre\jre\bin\msvcr100.dll
0x000000005a140000 - 0x000000005a981000 	D:\Program_Files\AS\jre\jre\bin\server\jvm.dll
0x00007ffaa0170000 - 0x00007ffaa0178000 	C:\WINDOWS\System32\PSAPI.DLL
0x00007ffa845c0000 - 0x00007ffa845c9000 	C:\WINDOWS\SYSTEM32\WSOCK32.dll
0x00007ffa96db0000 - 0x00007ffa96dba000 	C:\WINDOWS\SYSTEM32\VERSION.dll
0x00007ffa9b010000 - 0x00007ffa9b034000 	C:\WINDOWS\SYSTEM32\WINMM.dll
0x00007ffa9e7f0000 - 0x00007ffa9e85f000 	C:\WINDOWS\System32\WS2_32.dll
0x00007ffa9af90000 - 0x00007ffa9afbd000 	C:\WINDOWS\SYSTEM32\WINMMBASE.dll
0x00007ffa9e490000 - 0x00007ffa9e4da000 	C:\WINDOWS\System32\cfgmgr32.dll
0x00007ffa99d90000 - 0x00007ffa99d9f000 	D:\Program_Files\AS\jre\jre\bin\verify.dll
0x00007ffa952f0000 - 0x00007ffa95319000 	D:\Program_Files\AS\jre\jre\bin\java.dll
0x00007ffa984c0000 - 0x00007ffa984d6000 	D:\Program_Files\AS\jre\jre\bin\zip.dll
0x00007ffa9e990000 - 0x00007ffa9f078000 	C:\WINDOWS\System32\SHELL32.dll
0x00007ffaa02d0000 - 0x00007ffaa0377000 	C:\WINDOWS\System32\shcore.dll
0x00007ffa9d580000 - 0x00007ffa9dcfb000 	C:\WINDOWS\System32\windows.storage.dll
0x00007ffa9d530000 - 0x00007ffa9d553000 	C:\WINDOWS\System32\profapi.dll
0x00007ffa9d4e0000 - 0x00007ffa9d52a000 	C:\WINDOWS\System32\powrprof.dll
0x00007ffa9d490000 - 0x00007ffa9d4a0000 	C:\WINDOWS\System32\UMPDC.dll
0x00007ffaa0270000 - 0x00007ffaa02c2000 	C:\WINDOWS\System32\shlwapi.dll
0x00007ffa9d4a0000 - 0x00007ffa9d4b1000 	C:\WINDOWS\System32\kernel.appcore.dll
0x00007ffa9d560000 - 0x00007ffa9d577000 	C:\WINDOWS\System32\cryptsp.dll
0x00007ffa97d50000 - 0x00007ffa97d6a000 	D:\Program_Files\AS\jre\jre\bin\net.dll
0x00007ffa9ccd0000 - 0x00007ffa9cd37000 	C:\WINDOWS\system32\mswsock.dll
0x00007ffa97410000 - 0x00007ffa97421000 	D:\Program_Files\AS\jre\jre\bin\nio.dll
0x00007ffa7cc30000 - 0x00007ffa7cc4e000 	C:\Users\Lenovo\.gradle\native\25\windows-amd64\native-platform.dll
0x00007ffa99d80000 - 0x00007ffa99d8d000 	D:\Program_Files\AS\jre\jre\bin\management.dll
0x00007ffa9c850000 - 0x00007ffa9c883000 	C:\WINDOWS\system32\rsaenh.dll
0x00007ffa9dd00000 - 0x00007ffa9dd26000 	C:\WINDOWS\System32\bcrypt.dll
0x00007ffa9d3b0000 - 0x00007ffa9d3d5000 	C:\WINDOWS\SYSTEM32\USERENV.dll
0x00007ffa9cea0000 - 0x00007ffa9ceac000 	C:\WINDOWS\SYSTEM32\CRYPTBASE.dll
0x00007ffa9c9e0000 - 0x00007ffa9ca1a000 	C:\WINDOWS\SYSTEM32\IPHLPAPI.DLL
0x00007ffa9fb00000 - 0x00007ffa9fb08000 	C:\WINDOWS\System32\NSI.dll
0x00007ffa93300000 - 0x00007ffa93316000 	C:\WINDOWS\SYSTEM32\dhcpcsvc6.DLL
0x00007ffa96e20000 - 0x00007ffa96e3c000 	C:\WINDOWS\SYSTEM32\dhcpcsvc.DLL
0x00007ffa9ca20000 - 0x00007ffa9caeb000 	C:\WINDOWS\SYSTEM32\DNSAPI.dll
0x00007ffa82c10000 - 0x00007ffa82c34000 	D:\Program_Files\AS\jre\jre\bin\sunec.dll
0x00007ffa88b50000 - 0x00007ffa88b5a000 	C:\Windows\System32\rasadhlp.dll
0x00007ffa8ff90000 - 0x00007ffa90007000 	C:\WINDOWS\System32\fwpuclnt.dll
0x00007ffa982e0000 - 0x00007ffa982eb000 	D:\Program_Files\AS\jre\jre\bin\sunmscapi.dll
0x00007ffa9e270000 - 0x00007ffa9e3ba000 	C:\WINDOWS\System32\CRYPT32.dll
0x00007ffa9d4c0000 - 0x00007ffa9d4d2000 	C:\WINDOWS\System32\MSASN1.dll
0x00007ffa9c4d0000 - 0x00007ffa9c501000 	C:\WINDOWS\SYSTEM32\ntmarta.dll

VM Arguments:
jvm_args: -Xmx1536m -Dfile.encoding=GBK -Duser.country=CN -Duser.language=zh -Duser.variant 
java_command: org.gradle.launcher.daemon.bootstrap.GradleDaemon 4.6
java_class_path (initial): C:\Users\Lenovo\.gradle\wrapper\dists\gradle-4.6-all\bcst21l2brirad8k2ben1letg\gradle-4.6\lib\gradle-launcher-4.6.jar
Launcher Type: SUN_STANDARD

Environment Variables:
JAVA_HOME=C:\Program Files\Java\jdk1.8.0_241
CLASSPATH=.;C:\Program Files\Java\jdk1.8.0_241\lib\dt.jar;C:\Program Files\Java\jdk1.8.0_241\lib\tools.jar
PATH=C:\Program Files (x86)\Common Files\Oracle\Java\javapath;C:\Windows\system32;C:\Windows;C:\Windows\System32\Wbem;C:\Windows\System32\WindowsPowerShell\v1.0\;C:\Windows\System32\OpenSSH\;C:\Program Files (x86)\NVIDIA Corporation\PhysX\Common;C:\Program Files\NVIDIA Corporation\NVIDIA NvDLISR;C:\Program Files\Java\jdk1.8.0_241\bin;C:\Program Files\Java\jdk1.8.0_241\jre\bin;"D:\Android\android_2019\android_studio_sdk_2019\tools;D:\Android\android_2019\android_studio_sdk_2019\platform-tools";C:\Program Files\dotnet\;E:\Program Files (x86)\Matlab\Matlab2016a\runtime\win64;E:\Program Files (x86)\Matlab\Matlab2016a\bin;E:\Program Files (x86)\Matlab\Matlab2016a\polyspace\bin;C:\WINDOWS\system32;C:\WINDOWS;C:\WINDOWS\System32\Wbem;C:\WINDOWS\System32\WindowsPowerShell\v1.0\;C:\WINDOWS\System32\OpenSSH\;E:\Program Files (x86)\UEstudio\Ues;C:\Program Files (x86)\dotnet\;E:\Program Files (x86)\Python3.8.2\Scripts\;E:\Program Files (x86)\Python3.8.2\;C:\Users\Lenovo\AppData\Local\Microsoft\WindowsApps;;E:\Program Files(x86)\JetBrains\PyCharm Community Edition 2020.1.1\bin;E:\Program Files (x86)\Nmap;C:\Users\Lenovo\AppData\Local\Programs\Fiddler;%USERPROFILE%\AppData\Local\Microsoft\WindowsApps
USERNAME=Lenovo
OS=Windows_NT
PROCESSOR_IDENTIFIER=Intel64 Family 6 Model 142 Stepping 12, GenuineIntel



---------------  S Y S T E M  ---------------

OS: Windows 10.0 , 64 bit Build 18362 (10.0.18362.1316)

CPU:total 8 (initial active 8) (4 cores per cpu, 2 threads per core) family 6 model 142 stepping 12, cmov, cx8, fxsr, mmx, sse, sse2, sse3, ssse3, sse4.1, sse4.2, popcnt, avx, avx2, aes, clmul, erms, 3dnowpref, lzcnt, ht, tsc, tscinvbit, bmi1, bmi2, adx

Memory: 4k page, physical 16653556k(784796k free), swap 29760752k(5884k free)

vm_info: OpenJDK 64-Bit Server VM (25.152-b06) for windows-amd64 JRE (1.8.0_152-release-1136-b06), built by "builder" with MS VC++ 10.0 (VS2010)

time: Mon Feb 15 16:35:01 2021
elapsed time: 3017 seconds (0d 0h 50m 17s)

